app/build/outputs/logs/manifest-merger-debug-report.txt
-- Merging decision tree log ---
manifest
ADDED from src\main\AndroidManifest.xml:2:1-73:12
	package
		ADDED from src\main\AndroidManifest.xml:3:5-24
		INJECTED from src\main\AndroidManifest.xml
		INJECTED from src\main\AndroidManifest.xml
	android:versionName
		INJECTED from src\main\AndroidManifest.xml
		INJECTED from src\main\AndroidManifest.xml
	xmlns:android
		ADDED from src\main\AndroidManifest.xml:2:11-69
	android:versionCode
		INJECTED from src\main\AndroidManifest.xml
		INJECTED from src\main\AndroidManifest.xml
uses-sdk
ADDED from src\main\AndroidManifest.xml:4:5-44
MERGED from [com.android.support:appcompat-v7:23.0.1] AndroidManifest.xml:20:5-43
MERGED from [com.android.support:support-v4:23.0.1] AndroidManifest.xml:20:5-43
MERGED from [com.mcxiaoke.volley:library-aar:1.0.0] AndroidManifest.xml:3:5-72
	android:targetSdkVersion
		INJECTED from src\main\AndroidManifest.xml
		INJECTED from src\main\AndroidManifest.xml
	android:minSdkVersion
		ADDED from src\main\AndroidManifest.xml:4:15-41
		INJECTED from src\main\AndroidManifest.xml
		INJECTED from src\main\AndroidManifest.xml
uses-permission#android.permission.ACCESS_COARSE_LOCATION
ADDED from src\main\AndroidManifest.xml:5:5-80
	android:name
		ADDED from src\main\AndroidManifest.xml:5:22-78
uses-permission#android.permission.ACCESS_FINE_LOCATION
ADDED from src\main\AndroidManifest.xml:6:5-78
	android:name
		ADDED from src\main\AndroidManifest.xml:6:22-76
uses-permission#android.permission.INTERNET
ADDED from src\main\AndroidManifest.xml:7:5-67
	android:name
		ADDED from src\main\AndroidManifest.xml:7:22-64
uses-permission#android.permission.WRITE_EXTERNAL_STORAGE
ADDED from src\main\AndroidManifest.xml:8:5-81
	android:name
		ADDED from src\main\AndroidManifest.xml:8:22-78
uses-permission#android.permission.ACCESS_NETWORK_STATE
ADDED from src\main\AndroidManifest.xml:9:5-78
	android:name
		ADDED from src\main\AndroidManifest.xml:9:22-76
uses-permission#com.google.android.providers.gsf.permission.READ_GSERVICES
ADDED from src\main\AndroidManifest.xml:10:5-98
	android:name
		ADDED from src\main\AndroidManifest.xml:10:22-95
uses-permission#android.permission.NFC
ADDED from src\main\AndroidManifest.xml:11:5-62
	android:name
		ADDED from src\main\AndroidManifest.xml:11:22-59
uses-feature#android.hardware.nfc
ADDED from src\main\AndroidManifest.xml:12:5-80
	android:required
		ADDED from src\main\AndroidManifest.xml:12:55-78
	android:name
		ADDED from src\main\AndroidManifest.xml:12:19-54
uses-feature#0x00020000
ADDED from src\main\AndroidManifest.xml:14:5-16:34
	android:glEsVersion
		ADDED from src\main\AndroidManifest.xml:15:9-41
	android:required
		ADDED from src\main\AndroidManifest.xml:16:9-32
application
ADDED from src\main\AndroidManifest.xml:17:5-71:19
MERGED from [com.android.support:appcompat-v7:23.0.1] AndroidManifest.xml:22:5-20
MERGED from [com.android.support:support-v4:23.0.1] AndroidManifest.xml:22:5-20
MERGED from [com.mcxiaoke.volley:library-aar:1.0.0] AndroidManifest.xml:5:5-19
	android:label
		ADDED from src\main\AndroidManifest.xml:21:9-41
	android:allowBackup
		ADDED from src\main\AndroidManifest.xml:19:9-35
	android:icon
		ADDED from src\main\AndroidManifest.xml:20:9-43
	android:theme
		ADDED from src\main\AndroidManifest.xml:22:9-40
	android:name
		ADDED from src\main\AndroidManifest.xml:18:9-55
activity#it446.nfp.HomePage
ADDED from src\main\AndroidManifest.xml:23:9-37:20
	android:label
		ADDED from src\main\AndroidManifest.xml:25:13-45
	android:name
		ADDED from src\main\AndroidManifest.xml:24:13-37
intent-filter#android.intent.action.MAIN+android.intent.category.LAUNCHER
ADDED from src\main\AndroidManifest.xml:26:13-29:29
action#android.intent.action.MAIN
ADDED from src\main\AndroidManifest.xml:27:17-69
	android:name
		ADDED from src\main\AndroidManifest.xml:27:25-66
category#android.intent.category.LAUNCHER
ADDED from src\main\AndroidManifest.xml:28:17-77
	android:name
		ADDED from src\main\AndroidManifest.xml:28:27-74
intent-filter#android.intent.category.DEFAULT+android.intent.category.DEFAULT+android.nfc.action.NDEF_DISCOVERED+android.nfc.action.TAG_DISCOVERED
ADDED from src\main\AndroidManifest.xml:30:13-36:29
action#android.nfc.action.NDEF_DISCOVERED
ADDED from src\main\AndroidManifest.xml:31:17-76
	android:name
		ADDED from src\main\AndroidManifest.xml:31:25-74
category#android.intent.category.DEFAULT
ADDED from src\main\AndroidManifest.xml:32:17-75
	android:name
		ADDED from src\main\AndroidManifest.xml:32:27-73
action#android.nfc.action.TAG_DISCOVERED
ADDED from src\main\AndroidManifest.xml:33:17-75
	android:name
		ADDED from src\main\AndroidManifest.xml:33:25-73
data
ADDED from src\main\AndroidManifest.xml:35:17-55
	android:mimeType
		ADDED from src\main\AndroidManifest.xml:35:23-52
activity#it446.nfp.CreateNewSample
ADDED from src\main\AndroidManifest.xml:38:9-42:20
	android:label
		ADDED from src\main\AndroidManifest.xml:40:13-60
	android:parentActivityName
		ADDED from src\main\AndroidManifest.xml:41:13-65
	android:name
		ADDED from src\main\AndroidManifest.xml:39:13-44
activity#it446.nfp.SearchBrowse
ADDED from src\main\AndroidManifest.xml:43:9-47:53
	android:label
		ADDED from src\main\AndroidManifest.xml:46:13-64
	android:parentActivityName
		ADDED from src\main\AndroidManifest.xml:47:13-51
	android:windowSoftInputMode
		ADDED from src\main\AndroidManifest.xml:45:13-54
	android:name
		ADDED from src\main\AndroidManifest.xml:44:13-41
activity#it446.nfp.ReadExistingTag
ADDED from src\main\AndroidManifest.xml:48:9-51:53
	android:label
		ADDED from src\main\AndroidManifest.xml:50:13-60
	android:parentActivityName
		ADDED from src\main\AndroidManifest.xml:51:13-51
	android:name
		ADDED from src\main\AndroidManifest.xml:49:13-44
activity#it446.nfp.TagAssociation
ADDED from src\main\AndroidManifest.xml:52:9-54:60
	android:label
		ADDED from src\main\AndroidManifest.xml:54:13-58
	android:name
		ADDED from src\main\AndroidManifest.xml:53:13-43
activity#it446.nfp.ViewDoctorActivity
ADDED from src\main\AndroidManifest.xml:55:9-58:57
	android:label
		ADDED from src\main\AndroidManifest.xml:57:13-54
	android:parentActivityName
		ADDED from src\main\AndroidManifest.xml:58:13-55
	android:name
		ADDED from src\main\AndroidManifest.xml:56:13-47
activity#it446.nfp.ViewPatientActivity
ADDED from src\main\AndroidManifest.xml:59:9-62:63
	android:label
		ADDED from src\main\AndroidManifest.xml:61:13-55
	android:parentActivityName
		ADDED from src\main\AndroidManifest.xml:62:13-61
	android:name
		ADDED from src\main\AndroidManifest.xml:60:13-48
activity#it446.nfp.ViewTagActivity
ADDED from src\main\AndroidManifest.xml:63:9-66:67
	android:label
		ADDED from src\main\AndroidManifest.xml:65:13-51
	android:parentActivityName
		ADDED from src\main\AndroidManifest.xml:66:13-65
	android:name
		ADDED from src\main\AndroidManifest.xml:64:13-44
activity#it446.nfp.PatientProfileActivity
ADDED from src\main\AndroidManifest.xml:67:9-70:64
	android:label
		ADDED from src\main\AndroidManifest.xml:69:13-58
	android:parentActivityName
		ADDED from src\main\AndroidManifest.xml:70:13-62
	android:name
		ADDED from src\main\AndroidManifest.xml:68:13-51